0 info it worked if it ends with ok
1 verbose cli [ 'node', '/usr/local/bin/npm', 'publish' ]
2 info using npm@2.5.1
3 info using node@v0.12.0
4 verbose node symlink /usr/local/bin/node
5 verbose publish [ '.' ]
6 silly cache add args [ '.', null ]
7 verbose cache add spec .
8 silly cache add parsed spec { raw: '.',
8 silly cache add   scope: null,
8 silly cache add   name: null,
8 silly cache add   rawSpec: '.',
8 silly cache add   spec: '/Users/david/code/js/hubot-emoji',
8 silly cache add   type: 'directory' }
9 verbose addLocalDirectory /Users/david/.npm/hubot-emoji/1.0.0/package.tgz not in flight; packing
10 verbose tar pack [ '/Users/david/.npm/hubot-emoji/1.0.0/package.tgz',
10 verbose tar pack   '/Users/david/code/js/hubot-emoji' ]
11 verbose tarball /Users/david/.npm/hubot-emoji/1.0.0/package.tgz
12 verbose folder /Users/david/code/js/hubot-emoji
13 info prepublish hubot-emoji@1.0.0
14 verbose addLocalTarball adding from inside cache /Users/david/.npm/hubot-emoji/1.0.0/package.tgz
15 silly cache afterAdd hubot-emoji@1.0.0
16 verbose afterAdd /Users/david/.npm/hubot-emoji/1.0.0/package/package.json not in flight; writing
17 verbose afterAdd /Users/david/.npm/hubot-emoji/1.0.0/package/package.json written
18 silly publish { name: 'hubot-emoji',
18 silly publish   version: '1.0.0',
18 silly publish   description: 'Emoji search for hubot',
18 silly publish   main: 'index.coffee',
18 silly publish   scripts: { test: 'echo "Error: no test specified" && exit 1' },
18 silly publish   keywords: [ 'emoji', 'hubot' ],
18 silly publish   author:
18 silly publish    { name: 'David Underwood',
18 silly publish      email: 'davefp@gmail.com',
18 silly publish      url: 'http://theflyingdeveloper.com' },
18 silly publish   license: 'MIT',
18 silly publish   readme: '# hubot-emoji\n\n## Description\n\nKeyword emoji search using @[muan](https://github.com/muan)\'s index: [http://emoji.muan.co/](http://emoji.muan.co/)\n\n## Installation\n\n`npm install --save hubot-emoji`\n\nadd `["hubot-emoji"]` to your `external-scripts.json`.\n\n## Example\n\n`Hubot> hubot emoji party`\n\n`Hubot>` :confetti_ball: :crystal_ball: :tada: :balloon: :pizza: :beer: :beers: :birthday: :circus_tent:\n',
18 silly publish   readmeFilename: 'README.md',
18 silly publish   _id: 'hubot-emoji@1.0.0',
18 silly publish   _shasum: 'fbb41afcc507e767cfbbf40d14e533824dd20c75',
18 silly publish   _from: '.' }
19 silly mapToRegistry name hubot-emoji
20 silly mapToRegistry using default registry
21 silly mapToRegistry registry https://registry.npmjs.org/
22 silly mapToRegistry uri https://registry.npmjs.org/hubot-emoji
23 verbose publish registryBase https://registry.npmjs.org/
24 silly publish uploading /Users/david/.npm/hubot-emoji/1.0.0/package.tgz
25 verbose request uri https://registry.npmjs.org/hubot-emoji
26 verbose request sending authorization for write operation
27 info attempt registry request try #1 at 10:24:02
28 verbose request id 0cefe9aa2529c5f4
29 http request PUT https://registry.npmjs.org/hubot-emoji
30 http 409 https://registry.npmjs.org/hubot-emoji
31 verbose headers { date: 'Mon, 06 Apr 2015 14:24:04 GMT',
31 verbose headers   server: 'Apache',
31 verbose headers   'content-type': 'application/json',
31 verbose headers   'cache-control': 'max-age=60',
31 verbose headers   'content-length': '17',
31 verbose headers   'accept-ranges': 'bytes',
31 verbose headers   via: '1.1 varnish',
31 verbose headers   'x-served-by': 'cache-ord1721-ORD',
31 verbose headers   'x-cache': 'MISS',
31 verbose headers   'x-cache-hits': '0',
31 verbose headers   'x-timer': 'S1428330243.034310,VS0,VE974',
31 verbose headers   'keep-alive': 'timeout=10, max=50',
31 verbose headers   connection: 'Keep-Alive' }
32 verbose request invalidating /Users/david/.npm/registry.npmjs.org/hubot-emoji on PUT
33 verbose request uri https://registry.npmjs.org/hubot-emoji?write=true
34 verbose request no auth needed
35 info attempt registry request try #1 at 10:24:04
36 http request GET https://registry.npmjs.org/hubot-emoji?write=true
37 http 200 https://registry.npmjs.org/hubot-emoji?write=true
38 verbose stack Error: cannot modify pre-existing version
38 verbose stack     at conflictError (/usr/local/lib/node_modules/npm/node_modules/npm-registry-client/lib/publish.js:184:11)
38 verbose stack     at CachingRegistryClient.putNext (/usr/local/lib/node_modules/npm/node_modules/npm-registry-client/lib/publish.js:147:15)
38 verbose stack     at /usr/local/lib/node_modules/npm/node_modules/npm-registry-client/lib/publish.js:129:15
38 verbose stack     at /usr/local/lib/node_modules/npm/lib/cache/caching-client.js:52:8
38 verbose stack     at f (/usr/local/lib/node_modules/npm/node_modules/once/once.js:17:25)
38 verbose stack     at /usr/local/lib/node_modules/npm/node_modules/npm-registry-client/lib/request.js:73:16
38 verbose stack     at f (/usr/local/lib/node_modules/npm/node_modules/once/once.js:17:25)
38 verbose stack     at CachingRegistryClient.<anonymous> (/usr/local/lib/node_modules/npm/node_modules/npm-registry-client/lib/request.js:262:12)
38 verbose stack     at Request._callback (/usr/local/lib/node_modules/npm/node_modules/npm-registry-client/lib/request.js:178:14)
38 verbose stack     at Request.self.callback (/usr/local/lib/node_modules/npm/node_modules/request/request.js:344:22)
39 verbose pkgid hubot-emoji
40 verbose cwd /Users/david/code/js/hubot-emoji
41 error Darwin 13.4.0
42 error argv "node" "/usr/local/bin/npm" "publish"
43 error node v0.12.0
44 error npm  v2.5.1
45 error code EPUBLISHCONFLICT
46 error publish fail Cannot publish over existing version.
46 error publish fail Update the 'version' field in package.json and try again.
46 error publish fail
46 error publish fail To automatically increment version numbers, see:
46 error publish fail     npm help version
47 verbose exit [ 1, true ]
